<?xml version="1.0" encoding="UTF-8"?>
<testng-results ignored="0" total="1" passed="1" failed="0" skipped="0">
  <reporter-output>
  </reporter-output>
  <suite started-at="2025-04-03T22:35:56 IST" name="Suite" finished-at="2025-04-03T22:36:15 IST" duration-ms="18748">
    <groups>
    </groups>
    <test started-at="2025-04-03T22:35:56 IST" name="Test" finished-at="2025-04-03T22:36:15 IST" duration-ms="18748">
      <class name="testcases.tests">
        <test-method signature="browserLaunch()[pri:0, instance:testcases.tests@5f058f00]" started-at="2025-04-03T22:35:56 IST" name="browserLaunch" finished-at="2025-04-03T22:36:15 IST" duration-ms="18675" status="PASS">
          <reporter-output>
          </reporter-output>
        </test-method> <!-- browserLaunch -->
      </class> <!-- testcases.tests -->
    </test> <!-- Test -->
  </suite> <!-- Suite -->
</testng-results>
